

times in msec
 clock   self+sourced   self:  sourced script
 clock   elapsed:              other lines

000.006  000.006: --- NVIM STARTING ---
000.079  000.073: event init
000.180  000.100: early init
000.489  000.310: locale set
000.534  000.045: init first window
000.794  000.260: inits 1
000.807  000.013: window checked
000.886  000.079: parsing arguments
001.267  000.044  000.044: require('vim.shared')
001.346  000.029  000.029: require('vim._options')
001.347  000.078  000.049: require('vim._editor')
001.348  000.164  000.043: require('vim._init_packages')
001.350  000.299: init lua interpreter
002.704  001.355: expanding arguments
002.735  000.030: inits 2
002.966  000.232: init highlight
002.967  000.001: waiting for UI
003.067  000.100: done waiting for UI
003.073  000.005: clear screen
003.233  000.160: init default mappings & autocommands
005.587  000.355  000.355: sourcing /opt/homebrew/Cellar/neovim/0.9.5/share/nvim/runtime/ftplugin.vim
006.001  000.266  000.266: sourcing /opt/homebrew/Cellar/neovim/0.9.5/share/nvim/runtime/indent.vim
007.808  000.774  000.774: require('lazy')
007.839  000.014  000.014: require('ffi')
007.878  000.036  000.036: require('vim.loader')
007.972  000.027  000.027: require('vim.fs')
009.036  001.139  001.112: require('lazy.stats')
009.674  000.608  000.608: require('lazy.core.util')
009.945  000.269  000.269: require('lazy.core.config')
010.822  000.126  000.126: require('lazy.core.handler')
011.171  000.348  000.348: require('lazy.core.plugin')
011.177  001.230  000.756: require('lazy.core.loader')
011.819  000.221  000.221: require('bongphysik.plugins')
011.929  000.093  000.093: require('bongphysik.plugins.auto-session')
012.035  000.097  000.097: require('bongphysik.plugins.bufferline')
012.291  000.246  000.246: require('bongphysik.plugins.colorizer')
012.455  000.112  000.112: require('bongphysik.plugins.colorscheme')
012.608  000.141  000.141: require('bongphysik.plugins.comment')
012.745  000.125  000.125: require('bongphysik.plugins.dressing')
012.892  000.136  000.136: require('bongphysik.plugins.formatting')
012.980  000.080  000.080: require('bongphysik.plugins.gitsign')
013.113  000.126  000.126: require('bongphysik.plugins.harpoon')
013.239  000.103  000.103: require('bongphysik.plugins.linting')
013.402  000.112  000.112: require('bongphysik.plugins.lualine')
013.567  000.149  000.149: require('bongphysik.plugins.nvim-autopairs')
013.693  000.115  000.115: require('bongphysik.plugins.nvim-cmp')
013.823  000.085  000.085: require('bongphysik.plugins.nvim-surround')
013.991  000.161  000.161: require('bongphysik.plugins.nvim-tree')
014.339  000.275  000.275: require('bongphysik.plugins.telescope')
014.504  000.133  000.133: require('bongphysik.plugins.vim-maximizer')
014.591  000.079  000.079: require('bongphysik.plugins.which-key')
014.881  000.120  000.120: require('bongphysik.plugins.lsp.lsp-config')
015.060  000.148  000.148: require('bongphysik.plugins.lsp.meson')
015.234  000.129  000.129: require('bongphysik.plugins.lsp.none-ls')
015.943  000.224  000.224: require('lazy.core.handler.event')
015.945  000.511  000.287: require('lazy.core.handler.ft')
016.739  000.792  000.792: require('lazy.core.handler.cmd')
016.854  000.111  000.111: require('lazy.core.handler.keys')
017.313  000.004  000.004: require('vim.keymap')
018.373  000.916  000.916: sourcing /opt/homebrew/Cellar/neovim/0.9.5/share/nvim/runtime/filetype.lua
020.444  000.694  000.694: require('nightfly')
021.171  001.689  000.995: sourcing /Users/hadhikar/.local/share/nvim/lazy/vim-nightfly-guicolors/colors/nightfly.vim
023.180  000.448  000.448: require('auto-session.logger')
023.201  000.850  000.402: require('auto-session.lib')
023.306  000.103  000.103: require('auto-session.autocmds')
023.331  001.958  001.004: require('auto-session')
024.244  000.117  000.117: sourcing /Users/hadhikar/.local/share/nvim/lazy/plenary.nvim/plugin/plenary.vim
024.843  000.124  000.124: sourcing /Users/hadhikar/.local/share/nvim/lazy/nvim-web-devicons/plugin/nvim-web-devicons.vim
025.311  000.235  000.235: sourcing /Users/hadhikar/.local/share/nvim/lazy/telescope.nvim/plugin/telescope.lua
026.374  000.153  000.153: require('telescope._extensions')
026.377  001.022  000.869: require('telescope')
027.690  000.160  000.160: require('plenary.bit')
027.967  000.275  000.275: require('plenary.functional')
027.990  000.662  000.227: require('plenary.path')
028.159  000.953  000.291: require('plenary.strings')
028.272  000.110  000.110: require('telescope.deprecated')
028.793  000.005  000.005: require('vim.F')
028.818  000.273  000.268: require('plenary.log')
028.920  000.465  000.192: require('telescope.log')
029.468  000.264  000.264: require('plenary.job')
029.563  000.093  000.093: require('telescope.state')
029.570  000.649  000.291: require('telescope.utils')
029.576  001.303  000.189: require('telescope.sorters')
029.624  000.040  000.040: require('vim.inspect')
031.451  004.592  002.186: require('telescope.config')
031.857  000.179  000.179: require('plenary.window.border')
032.060  000.201  000.201: require('plenary.window')
032.147  000.085  000.085: require('plenary.popup.utils')
032.150  000.697  000.231: require('plenary.popup')
032.244  000.094  000.094: require('telescope.pickers.scroller')
032.338  000.092  000.092: require('telescope.actions.state')
032.431  000.092  000.092: require('telescope.actions.utils')
032.753  000.189  000.189: require('telescope.actions.mt')
032.762  000.330  000.141: require('telescope.actions.set')
033.007  000.139  000.139: require('telescope.config.resolve')
033.009  000.246  000.107: require('telescope.pickers.entry_display')
033.111  000.101  000.101: require('telescope.from_entry')
033.214  006.837  000.593: require('telescope.actions')
034.829  000.556  000.556: require('fzf_lib')
034.833  000.819  000.263: require('telescope._extensions.fzf')
034.937  011.497  002.345: require('telescope')
035.294  000.132  000.132: require('auto-session.session-lens.library')
035.477  000.181  000.181: require('auto-session.session-lens.actions')
035.489  000.550  000.237: require('auto-session.session-lens')
036.838  000.242  000.242: require('bufferline.lazy')
037.203  000.360  000.360: require('bufferline.commands')
037.392  000.186  000.186: require('bufferline.config')
037.395  001.281  000.494: require('bufferline')
037.615  000.210  000.210: require('bufferline.utils')
037.976  000.359  000.359: require('vim.version')
039.135  000.355  000.355: require('bufferline.groups')
039.282  000.122  000.122: require('bufferline.constants')
039.441  000.152  000.152: require('bufferline.colors')
039.914  000.144  000.144: require('bufferline.highlights')
041.048  000.710  000.710: require('bufferline.hover')
041.449  000.363  000.363: require('bufferline.ui')
041.937  000.186  000.186: sourcing /Users/hadhikar/.local/share/nvim/lazy/vim-ReplaceWithRegister/plugin/ReplaceWithRegister.vim
042.619  000.121  000.121: sourcing /Users/hadhikar/.local/share/nvim/lazy/transparent.nvim/plugin/transparent.vim
046.731  000.270  000.270: require('mason-core.functional')
046.833  000.098  000.098: require('mason-core.path')
047.037  000.203  000.203: require('mason.settings')
047.053  000.779  000.207: require('mason-core.log')
047.055  001.315  000.536: require('mason-core.EventEmitter')
047.160  000.104  000.104: require('mason-core.optional')
047.783  000.523  000.523: require('mason-core.async')
047.932  000.147  000.147: require('mason-core.async.uv')
047.937  000.775  000.105: require('mason-core.fs')
048.191  000.253  000.253: require('mason-registry.sources')
048.431  000.111  000.111: require('mason-core.functional.data')
048.574  000.142  000.142: require('mason-core.functional.function')
048.581  000.388  000.135: require('mason-core.functional.list')
048.591  003.801  000.966: require('mason-registry')
049.493  000.116  000.116: require('mason-core.functional.relation')
049.605  000.109  000.109: require('mason-core.functional.logic')
049.644  000.454  000.228: require('mason-core.platform')
049.775  000.131  000.131: require('mason-lspconfig.settings')
049.778  001.185  000.601: require('mason-lspconfig')
049.783  005.693  000.707: require('mason-tool-installer')
049.816  006.243  000.550: sourcing /Users/hadhikar/.local/share/nvim/lazy/mason-tool-installer.nvim/plugin/mason-tool-installer.lua
050.103  000.250  000.250: require('mason')
050.505  000.106  000.106: require('mason-core.functional.string')
050.518  000.276  000.170: require('mason.api.command')
051.154  000.477  000.477: require('mason-lspconfig.notify')
051.157  000.611  000.133: require('mason-lspconfig.lspconfig_hook')
053.447  000.177  000.177: require('plenary')
053.617  000.168  000.168: require('lsp-file-operations.log')
053.618  000.645  000.301: require('lsp-file-operations.utils')
053.619  000.795  000.150: require('lsp-file-operations.will-rename')
053.620  001.340  000.544: require('lsp-file-operations')
055.472  000.465  000.465: require('nvim-tree.notify')
055.474  000.634  000.169: require('nvim-tree.events')
055.780  000.070  000.070: require('nvim-tree.log')
056.093  000.150  000.150: require('nvim-tree.iterators.node-iterator')
056.117  000.336  000.186: require('nvim-tree.utils')
056.181  000.063  000.063: require('nvim-tree.git.utils')
056.329  000.147  000.147: require('nvim-tree.git.runner')
056.512  000.182  000.182: require('nvim-tree.watcher')
056.583  000.070  000.070: require('nvim-tree.explorer.node')
056.586  001.024  000.156: require('nvim-tree.git')
056.653  000.067  000.067: require('nvim-tree.explorer.watch')
056.819  000.062  000.062: require('nvim-tree.explorer.node-builders')
056.926  000.106  000.106: require('nvim-tree.explorer.sorters')
057.202  000.207  000.207: require('nvim-tree.marks')
057.204  000.277  000.070: require('nvim-tree.explorer.filters')
057.443  000.170  000.170: require('nvim-tree.view')
057.445  000.240  000.070: require('nvim-tree.live-filter')
057.447  000.793  000.107: require('nvim-tree.explorer.explore')
057.517  000.070  000.070: require('nvim-tree.explorer.reload')
057.519  002.043  000.091: require('nvim-tree.explorer')
057.521  002.784  000.106: require('nvim-tree.core')
057.679  000.093  000.093: require('nvim-tree.modified')
057.681  000.159  000.066: require('nvim-tree.renderer.components.modified')
057.745  000.064  000.064: require('nvim-tree.renderer.components.padding')
057.811  000.065  000.065: require('nvim-tree.renderer.components.icons')
057.877  000.065  000.065: require('nvim-tree.renderer.components.full-name')
058.032  000.154  000.154: require('nvim-tree.renderer.components.git')
058.194  000.073  000.073: require('nvim-tree.enum')
058.350  000.155  000.155: require('nvim-tree.diagnostics')
058.352  000.319  000.091: require('nvim-tree.renderer.components.diagnostics')
058.636  000.100  000.100: require('nvim-tree.renderer.components.bookmarks')
058.643  000.290  000.190: require('nvim-tree.renderer.builder')
058.647  004.088  000.188: require('nvim-tree.renderer')
058.652  004.284  000.196: require('nvim-tree.lib')
058.758  000.105  000.105: require('nvim-tree.colors')
059.269  000.079  000.079: require('nvim-tree.actions.finders.find-file')
059.351  000.081  000.081: require('nvim-tree.actions.finders.search-node')
059.352  000.310  000.149: require('nvim-tree.actions.finders')
059.705  000.098  000.098: require('nvim-tree.actions.reloaders')
059.713  000.275  000.176: require('nvim-tree.actions.fs.copy-paste')
059.849  000.135  000.135: require('nvim-tree.actions.fs.create-file')
060.022  000.172  000.172: require('nvim-tree.actions.fs.remove-file')
060.140  000.117  000.117: require('nvim-tree.actions.fs.rename-file')
060.233  000.092  000.092: require('nvim-tree.actions.fs.trash')
060.234  000.882  000.092: require('nvim-tree.actions.fs')
060.504  000.113  000.113: require('nvim-tree.actions.moves.item')
060.614  000.108  000.108: require('nvim-tree.actions.moves.parent')
060.770  000.155  000.155: require('nvim-tree.actions.moves.sibling')
060.772  000.536  000.161: require('nvim-tree.actions.moves')
060.976  000.110  000.110: require('nvim-tree.actions.node.file-popup')
061.204  000.226  000.226: require('nvim-tree.actions.node.open-file')
061.360  000.155  000.155: require('nvim-tree.actions.node.run-command')
061.603  000.216  000.216: require('nvim-tree.actions.node.system-open')
061.606  000.834  000.126: require('nvim-tree.actions.node')
062.459  000.232  000.232: require('nvim-tree.actions.root.change-dir')
062.540  000.080  000.080: require('nvim-tree.actions.root.dir-up')
062.541  000.933  000.621: require('nvim-tree.actions.root')
062.720  000.090  000.090: require('nvim-tree.actions.tree.find-file')
062.873  000.076  000.076: require('nvim-tree.actions.tree.modifiers.collapse-all')
062.953  000.079  000.079: require('nvim-tree.actions.tree.modifiers.expand-all')
063.094  000.140  000.140: require('nvim-tree.actions.tree.modifiers.toggles')
063.095  000.373  000.078: require('nvim-tree.actions.tree.modifiers')
063.290  000.194  000.194: require('nvim-tree.actions.tree.open')
063.473  000.182  000.182: require('nvim-tree.actions.tree.toggle')
063.475  000.933  000.092: require('nvim-tree.actions.tree')
063.476  004.531  000.104: require('nvim-tree.actions')
063.922  000.184  000.184: require('nvim-tree.keymap')
063.958  000.482  000.298: require('nvim-tree.help')
064.100  000.141  000.141: require('nvim-tree.marks.navigation')
064.254  000.153  000.153: require('nvim-tree.marks.bulk-delete')
064.403  000.148  000.148: require('nvim-tree.marks.bulk-trash')
064.548  000.145  000.145: require('nvim-tree.marks.bulk-move')
064.646  005.799  000.199: require('nvim-tree.api')
064.663  005.904  000.105: require('nvim-tree.commands')
064.744  000.079  000.079: require('nvim-tree.legacy')
065.117  000.368  000.368: require('vim.diagnostic')
065.140  011.196  000.456: require('nvim-tree')
066.105  000.312  000.312: require('nvim-web-devicons.icons-default')
066.177  000.620  000.307: require('nvim-web-devicons')
076.404  022.781  010.965: require('nvim-tree.api')
081.800  000.131  000.131: require('vim.lsp.log')
082.252  000.450  000.450: require('vim.lsp.protocol')
082.766  000.168  000.168: require('vim.lsp._snippet')
082.981  000.213  000.213: require('vim.highlight')
082.989  000.736  000.356: require('vim.lsp.util')
083.023  001.910  000.593: require('vim.lsp.handlers')
083.207  000.184  000.184: require('vim.lsp.rpc')
083.362  000.153  000.153: require('vim.lsp.sync')
083.527  000.164  000.164: require('vim.lsp.semantic_tokens')
083.704  000.176  000.176: require('vim.lsp.buf')
083.837  000.131  000.131: require('vim.lsp.diagnostic')
084.012  000.173  000.173: require('vim.lsp.codelens')
084.067  003.363  000.472: require('vim.lsp')
084.093  003.613  000.250: sourcing /Users/hadhikar/.local/share/nvim/lazy/nvim-lspconfig/plugin/lspconfig.lua
084.879  000.490  000.490: require('lspconfig.util')
084.995  000.116  000.116: require('lspconfig.async')
084.997  000.727  000.121: require('lspconfig.configs')
084.998  000.881  000.155: require('lspconfig')
085.225  000.068  000.068: require('cmp_nvim_lsp.source')
085.228  000.228  000.161: require('cmp_nvim_lsp')
085.313  000.070  000.070: require('lspconfig.server_configurations.html')
086.369  000.078  000.078: require('lspconfig.manager')
086.521  000.151  000.151: require('lspconfig.server_configurations.tsserver')
087.251  000.083  000.083: require('lspconfig.server_configurations.cssls')
087.422  000.079  000.079: require('lspconfig.server_configurations.tailwindcss')
087.752  000.071  000.071: require('lspconfig.server_configurations.svelte')
087.966  000.070  000.070: require('lspconfig.server_configurations.prismals')
088.234  000.071  000.071: require('lspconfig.server_configurations.graphql')
088.401  000.069  000.069: require('lspconfig.server_configurations.emmet_ls')
088.649  000.076  000.076: require('lspconfig.server_configurations.pyright')
088.921  000.085  000.085: require('lspconfig.server_configurations.lua_ls')
089.033  037.875  008.129: require('lspconfig.util')
089.411  000.189  000.189: require('mason-core.functional.table')
089.435  000.401  000.211: require('mason-lspconfig.mappings.server')
089.866  000.429  000.429: require('mason-lspconfig.server_config_extensions')
090.041  000.174  000.174: require('lspconfig.server_configurations.omnisharp')
090.236  000.152  000.152: require('mason-lspconfig.ensure_installed')
091.252  000.332  000.332: require('mason-core.result')
092.489  000.818  000.818: require('mason-core.process')
092.601  000.111  000.111: require('mason-core.spawn')
092.604  001.152  000.222: require('mason-core.managers.powershell')
092.715  000.110  000.110: require('mason.version')
092.717  001.464  000.201: require('mason-core.fetch')
092.805  000.087  000.087: require('mason-core.providers')
094.146  000.280  000.280: require('mason-core.purl')
094.161  001.198  000.919: require('mason-core.package')
095.572  000.118  000.118: require('mason-core.installer.registry.expr')
095.580  001.029  000.911: require('mason-core.installer.registry.link')
097.039  000.158  000.158: require('mason-core.receipt')
097.068  000.412  000.254: require('mason-core.installer.context')
097.165  000.096  000.096: require('mason-core.async.control')
097.321  000.155  000.155: require('mason-core.installer.linker')
097.325  000.851  000.188: require('mason-core.installer')
097.369  001.662  000.811: require('mason-core.installer.managers.std')
097.370  001.789  000.127: require('mason-core.installer.registry.schemas')
097.524  000.153  000.153: require('mason-core.installer.registry.util')
097.533  003.371  000.399: require('mason-core.installer.registry')
097.535  004.729  000.160: require('mason-registry.sources.util')
097.543  007.301  000.689: require('mason-registry.sources.github')
102.339  000.431  000.431: require('mason-core.functional.number')
102.374  000.779  000.348: require('mason-lspconfig.api.command')
102.840  000.168  000.168: sourcing /Users/hadhikar/.local/share/nvim/lazy/vim-tmux-navigator/plugin/tmux_navigator.vim
104.439  000.552  000.552: require('lualine_require')
105.426  002.094  001.542: require('lualine')
105.695  000.268  000.268: require('lazy.status')
109.596  000.186  000.186: require('lualine.utils.mode')
113.927  000.158  000.158: sourcing /opt/homebrew/Cellar/neovim/0.9.5/share/nvim/runtime/plugin/editorconfig.lua
114.175  000.186  000.186: sourcing /opt/homebrew/Cellar/neovim/0.9.5/share/nvim/runtime/plugin/gzip.vim
114.379  000.153  000.153: sourcing /opt/homebrew/Cellar/neovim/0.9.5/share/nvim/runtime/plugin/health.vim
114.588  000.171  000.171: sourcing /opt/homebrew/Cellar/neovim/0.9.5/share/nvim/runtime/plugin/man.lua
115.639  000.237  000.237: sourcing /opt/homebrew/Cellar/neovim/0.9.5/share/nvim/runtime/pack/dist/opt/matchit/plugin/matchit.vim
115.724  001.073  000.836: sourcing /opt/homebrew/Cellar/neovim/0.9.5/share/nvim/runtime/plugin/matchit.vim
115.940  000.176  000.176: sourcing /opt/homebrew/Cellar/neovim/0.9.5/share/nvim/runtime/plugin/matchparen.vim
116.128  000.149  000.149: sourcing /opt/homebrew/Cellar/neovim/0.9.5/share/nvim/runtime/plugin/netrwPlugin.vim
116.302  000.131  000.131: sourcing /opt/homebrew/Cellar/neovim/0.9.5/share/nvim/runtime/plugin/nvim.lua
116.580  000.105  000.105: sourcing /Users/hadhikar/.local/share/nvim/rplugin.vim
116.584  000.241  000.136: sourcing /opt/homebrew/Cellar/neovim/0.9.5/share/nvim/runtime/plugin/rplugin.vim
116.684  000.054  000.054: sourcing /opt/homebrew/Cellar/neovim/0.9.5/share/nvim/runtime/plugin/shada.vim
116.761  000.028  000.028: sourcing /opt/homebrew/Cellar/neovim/0.9.5/share/nvim/runtime/plugin/spellfile.vim
116.875  000.067  000.067: sourcing /opt/homebrew/Cellar/neovim/0.9.5/share/nvim/runtime/plugin/tarPlugin.vim
117.075  000.158  000.158: sourcing /opt/homebrew/Cellar/neovim/0.9.5/share/nvim/runtime/plugin/tohtml.vim
117.146  000.026  000.026: sourcing /opt/homebrew/Cellar/neovim/0.9.5/share/nvim/runtime/plugin/tutor.vim
117.281  000.089  000.089: sourcing /opt/homebrew/Cellar/neovim/0.9.5/share/nvim/runtime/plugin/zipPlugin.vim
117.507  000.118  000.118: sourcing /Users/hadhikar/.local/share/nvim/lazy/cmp-nvim-lsp/after/plugin/cmp_nvim_lsp.lua
117.542  110.850  021.580: require('bongphysik.lazy')
117.544  111.318  000.469: sourcing /Users/hadhikar/.config/nvim/init.lua
117.548  002.375: sourcing vimrc file(s)
117.964  000.033  000.033: sourcing /opt/homebrew/Cellar/neovim/0.9.5/share/nvim/runtime/filetype.lua
119.028  000.112  000.112: sourcing /opt/homebrew/Cellar/neovim/0.9.5/share/nvim/runtime/syntax/synload.vim
119.077  000.656  000.543: sourcing /opt/homebrew/Cellar/neovim/0.9.5/share/nvim/runtime/syntax/syntax.vim
119.084  000.847: inits 3
120.208  001.124: reading ShaDa
121.176  000.606  000.606: require('conform')
122.618  000.283  000.283: require('nvim-surround.input')
122.690  000.071  000.071: require('nvim-surround.functional')
122.697  000.722  000.368: require('nvim-surround.config')
122.699  000.856  000.134: require('nvim-surround.buffer')
122.768  000.068  000.068: require('nvim-surround.cache')
122.836  000.067  000.067: require('nvim-surround.utils')
122.839  001.541  000.550: require('nvim-surround')
124.053  000.587  000.587: sourcing /Users/hadhikar/.local/share/nvim/lazy/nvim-ts-context-commentstring/plugin/ts_context_commentstring.lua
124.806  000.071  000.071: require('Comment.config')
125.134  000.163  000.163: require('Comment.ft')
125.137  000.330  000.167: require('Comment.utils')
125.215  000.077  000.077: require('Comment.opfunc')
125.289  000.073  000.073: require('Comment.extra')
125.291  001.026  000.475: require('Comment.api')
125.401  001.273  000.247: sourcing /Users/hadhikar/.local/share/nvim/lazy/Comment.nvim/plugin/Comment.lua
125.587  000.174  000.174: require('Comment')
125.664  000.077  000.077: require('ts_context_commentstring.integrations.comment_nvim')
126.718  000.115  000.115: require('gitsigns.async')
126.908  000.188  000.188: require('gitsigns.config')
127.159  000.251  000.251: require('gitsigns.debug.log')
127.162  001.078  000.524: require('gitsigns')
127.792  000.137  000.137: sourcing /Users/hadhikar/.local/share/nvim/lazy/nvim-colorizer.lua/plugin/colorizer.lua
128.665  000.108  000.108: require('colorizer.color')
129.267  000.429  000.429: require('colorizer.trie')
129.530  000.152  000.152: require('colorizer.utils')
129.531  000.263  000.112: require('colorizer.parser.names')
129.658  000.126  000.126: require('colorizer.parser.rgb')
129.764  000.105  000.105: require('colorizer.parser.hsl')
129.869  000.105  000.105: require('colorizer.parser.argb_hex')
129.971  000.101  000.101: require('colorizer.parser.rgba_hex')
130.117  000.145  000.145: require('colorizer.sass')
130.119  001.453  000.180: require('colorizer.matcher')
130.268  000.148  000.148: require('colorizer.tailwind')
130.271  001.867  000.159: require('colorizer.buffer')
130.275  002.392  000.525: require('colorizer')
130.960  000.517  000.517: require('lint')
132.195  000.642  000.642: require('vim.filetype')
133.211  000.528  000.528: require('vim.filetype.detect')
135.282  000.223  000.223: require('editorconfig')
135.427  005.443: opening buffers
135.688  000.253  000.253: require('bufferline.state')
136.325  000.646: BufEnter autocommands
136.327  000.002: editing files in windows
136.709  000.183  000.183: require('transparent.config')
136.934  000.223  000.223: require('transparent.cache')
137.301  000.941  000.535: require('transparent')
137.352  000.084: VimEnter autocommands
137.381  000.029: UIEnter autocommands
138.151  000.453  000.453: sourcing /opt/homebrew/Cellar/neovim/0.9.5/share/nvim/runtime/autoload/provider/clipboard.vim
138.159  000.325: before starting main loop
138.769  000.264  000.264: require('bufferline.tabpages')
138.965  000.191  000.191: require('bufferline.models')
139.319  000.353  000.353: require('bufferline.pick')
139.407  000.087  000.087: require('bufferline.duplicates')
139.587  000.172  000.172: require('bufferline.diagnostics')
139.846  000.097  000.097: require('bufferline.numbers')
140.001  000.083  000.083: require('bufferline.sorters')
140.122  000.100  000.100: require('bufferline.offset')
140.251  000.125  000.125: require('bufferline.custom_area')
140.560  000.928: first screen update
140.561  000.001: --- NVIM STARTED ---


times in msec
 clock   self+sourced   self:  sourced script
 clock   elapsed:              other lines

000.006  000.006: --- NVIM STARTING ---
000.320  000.315: event init
000.568  000.248: early init
001.138  000.570: locale set
001.192  000.054: init first window
018.354  017.162: inits 1
018.364  000.010: window checked
018.443  000.079: parsing arguments
019.036  000.036  000.036: require('vim.shared')
019.106  000.025  000.025: require('vim._options')
019.107  000.069  000.044: require('vim._editor')
019.108  000.148  000.043: require('vim._init_packages')
019.110  000.519: init lua interpreter
019.416  000.306: expanding arguments
019.430  000.014: inits 2
019.632  000.201: init highlight
