

times in msec
 clock   self+sourced   self:  sourced script
 clock   elapsed:              other lines

000.006  000.006: --- NVIM STARTING ---
000.071  000.066: event init
000.170  000.098: early init
000.480  000.310: locale set
000.516  000.036: init first window
005.426  004.910: inits 1
005.441  000.015: window checked
005.526  000.085: parsing arguments
005.882  000.039  000.039: require('vim.shared')
005.958  000.027  000.027: require('vim._options')
005.959  000.075  000.047: require('vim._editor')
005.960  000.165  000.051: require('vim._init_packages')
005.962  000.271: init lua interpreter
008.451  002.490: expanding arguments
008.473  000.022: inits 2
008.694  000.221: init highlight
008.695  000.001: waiting for UI
010.668  001.973: done waiting for UI
010.675  000.007: clear screen
011.325  000.650: init default mappings & autocommands
014.647  000.457  000.457: sourcing /opt/homebrew/Cellar/neovim/0.9.5/share/nvim/runtime/ftplugin.vim
014.889  000.159  000.159: sourcing /opt/homebrew/Cellar/neovim/0.9.5/share/nvim/runtime/indent.vim
016.688  000.702  000.702: require('lazy')
016.746  000.027  000.027: require('ffi')
016.783  000.035  000.035: require('vim.loader')
016.877  000.032  000.032: require('vim.fs')
017.436  000.636  000.604: require('lazy.stats')
018.540  000.840  000.840: require('lazy.core.util')
019.075  000.533  000.533: require('lazy.core.config')
019.926  000.162  000.162: require('lazy.core.handler')
020.321  000.394  000.394: require('lazy.core.plugin')
020.326  001.249  000.694: require('lazy.core.loader')
022.917  000.751  000.751: require('lazy.core.handler.cmd')
023.241  000.318  000.318: require('lazy.core.handler.keys')
024.080  000.836  000.836: require('lazy.core.handler.event')
024.436  000.352  000.352: require('lazy.core.handler.ft')
025.773  000.703  000.703: sourcing /opt/homebrew/Cellar/neovim/0.9.5/share/nvim/runtime/filetype.lua
026.263  000.145  000.145: sourcing /Users/hadhikar/.local/share/nvim/lazy/vim-tmux-navigator/plugin/tmux_navigator.vim
026.909  000.008  000.008: require('vim.keymap')
027.844  000.220  000.220: require('Comment.config')
028.813  000.466  000.466: require('Comment.ft')
028.816  000.970  000.504: require('Comment.utils')
028.983  000.166  000.166: require('Comment.opfunc')
029.077  000.093  000.093: require('Comment.extra')
029.079  002.169  000.720: require('Comment.api')
029.218  002.542  000.366: sourcing /Users/hadhikar/.local/share/nvim/lazy/Comment.nvim/plugin/Comment.lua
029.466  000.227  000.227: require('Comment')
030.054  000.098  000.098: sourcing /Users/hadhikar/.local/share/nvim/lazy/vim-rest-console/ftdetect/rest.vim
032.765  000.115  000.115: require('vim.treesitter.language')
032.777  000.372  000.257: require('vim.treesitter.query')
032.894  000.116  000.116: require('vim.treesitter._range')
032.900  000.709  000.222: require('vim.treesitter.languagetree')
032.906  000.827  000.117: require('vim.treesitter')
032.910  001.005  000.179: require('nvim-treesitter.compat')
034.743  001.395  001.395: require('nvim-treesitter.parsers')
034.935  000.192  000.192: require('nvim-treesitter.utils')
034.940  001.810  000.223: require('nvim-treesitter.ts_utils')
034.943  002.032  000.222: require('nvim-treesitter.tsrange')
035.082  000.138  000.138: require('nvim-treesitter.caching')
035.087  003.309  000.134: require('nvim-treesitter.query')
035.096  003.830  000.521: require('nvim-treesitter.configs')
035.097  004.486  000.656: require('nvim-treesitter-textobjects')
035.571  000.147  000.147: require('nvim-treesitter.info')
035.690  000.118  000.118: require('nvim-treesitter.shell_command_selectors')
035.702  000.497  000.232: require('nvim-treesitter.install')
035.804  000.101  000.101: require('nvim-treesitter.statusline')
035.903  000.098  000.098: require('nvim-treesitter.query_predicates')
035.905  000.807  000.111: require('nvim-treesitter')
036.158  000.161  000.161: require('nvim-treesitter.textobjects.shared')
036.160  000.252  000.091: require('nvim-treesitter.textobjects.select')
036.408  000.116  000.116: require('nvim-treesitter.textobjects.attach')
036.559  000.125  000.125: require('nvim-treesitter.textobjects.repeatable_move')
036.563  000.392  000.151: require('nvim-treesitter.textobjects.move')
036.729  000.090  000.090: require('nvim-treesitter.textobjects.swap')
036.840  000.082  000.082: require('nvim-treesitter.textobjects.lsp_interop')
036.849  006.356  000.247: sourcing /Users/hadhikar/.local/share/nvim/lazy/nvim-treesitter-textobjects/plugin/nvim-treesitter-textobjects.vim
037.668  000.572  000.572: sourcing /Users/hadhikar/.local/share/nvim/lazy/nvim-treesitter/plugin/nvim-treesitter.lua
038.199  000.169  000.169: sourcing /Users/hadhikar/.local/share/nvim/lazy/nvim-jdtls/plugin/nvim_jdtls.vim
039.081  000.119  000.119: sourcing /Users/hadhikar/.local/share/nvim/lazy/plenary.nvim/plugin/plenary.vim
039.926  000.355  000.355: sourcing /Users/hadhikar/.local/share/nvim/lazy/telescope.nvim/plugin/telescope.lua
041.185  000.319  000.319: sourcing /Users/hadhikar/.local/share/nvim/lazy/vim-commentary/plugin/commentary.vim
043.352  001.221  001.221: require('vim.filetype')
045.270  000.325  000.325: require('luasnip.util.types')
045.273  000.576  000.250: require('luasnip.util.ext_opts')
045.752  000.151  000.151: require('luasnip.util.lazy_table')
045.998  000.244  000.244: require('luasnip.extras.filetype_functions')
046.005  000.546  000.151: require('luasnip.default_config')
046.007  000.733  000.188: require('luasnip.session')
046.008  002.402  001.093: require('luasnip.config')
046.489  000.235  000.235: require('luasnip.util.util')
047.101  000.278  000.278: require('luasnip.nodes.key_indexer')
047.105  000.615  000.337: require('luasnip.nodes.util')
047.503  000.164  000.164: require('luasnip.session.snippet_collection.source')
047.599  000.095  000.095: require('luasnip.util.table')
047.694  000.094  000.094: require('luasnip.util.auto_table')
047.698  000.592  000.239: require('luasnip.session.snippet_collection')
048.106  000.217  000.217: require('luasnip.util.select')
048.250  000.142  000.142: require('luasnip.util.time')
048.517  000.728  000.369: require('luasnip.util._builtin_vars')
048.554  000.035  000.035: require('vim.inspect')
048.580  000.881  000.118: require('luasnip.util.environ')
048.784  000.203  000.203: require('luasnip.util.extend_decorator')
049.170  000.194  000.194: require('luasnip.util.path')
049.696  000.279  000.279: require('luasnip.util.log')
049.700  000.529  000.250: require('luasnip.loaders.util')
049.872  000.005  000.005: require('vim.F')
049.874  000.173  000.168: require('luasnip.loaders.data')
050.116  000.241  000.241: require('luasnip.loaders.fs_watchers')
050.120  001.334  000.197: require('luasnip.loaders')
050.138  004.126  000.266: require('luasnip')
050.153  008.310  000.561: sourcing /Users/hadhikar/.local/share/nvim/lazy/LuaSnip/plugin/luasnip.lua
050.341  000.112  000.112: sourcing /Users/hadhikar/.local/share/nvim/lazy/LuaSnip/plugin/luasnip.vim
053.193  000.256  000.256: require('cmp.utils.api')
053.385  000.090  000.090: require('cmp.types.cmp')
053.655  000.101  000.101: require('cmp.utils.misc')
053.701  000.315  000.214: require('cmp.types.lsp')
053.886  000.183  000.183: require('cmp.types.vim')
053.887  000.692  000.104: require('cmp.types')
053.974  000.086  000.086: require('cmp.utils.highlight')
054.177  000.114  000.114: require('cmp.utils.debug')
054.181  000.206  000.092: require('cmp.utils.autocmd')
054.360  001.621  000.380: sourcing /Users/hadhikar/.local/share/nvim/lazy/nvim-cmp/plugin/cmp.lua
055.312  000.160  000.160: sourcing /Users/hadhikar/.local/share/nvim/lazy/vim-maximizer/plugin/maximizer.vim
056.042  000.285  000.285: sourcing /Users/hadhikar/.local/share/nvim/lazy/nvim-dap/plugin/dap.lua
056.717  000.150  000.150: sourcing /Users/hadhikar/.local/share/nvim/lazy/nvim-web-devicons/plugin/nvim-web-devicons.vim
060.271  000.210  000.210: require('mason-core.path')
061.068  000.229  000.229: require('mason-core.functional')
061.482  000.179  000.179: require('mason-core.functional.data')
061.486  000.403  000.223: require('mason-core.functional.function')
062.144  000.647  000.647: require('mason-core.functional.relation')
062.270  000.107  000.107: require('mason-core.functional.logic')
062.304  002.031  000.645: require('mason-core.platform')
062.595  000.291  000.291: require('mason.settings')
062.597  004.616  002.085: require('mason')
062.981  000.131  000.131: require('mason-core.functional.list')
063.095  000.111  000.111: require('mason-core.functional.string')
063.111  000.434  000.192: require('mason.api.command')
063.220  000.102  000.102: require('mason-registry.sources')
066.271  000.189  000.189: require('fidget.spinner.patterns')
066.273  000.425  000.236: require('fidget.spinner')
066.725  000.451  000.451: require('fidget.options')
066.738  000.990  000.114: require('fidget.progress.display')
066.952  000.119  000.119: require('fidget.logger')
068.616  000.298  000.298: require('vim.lsp.log')
069.237  000.620  000.620: require('vim.lsp.protocol')
069.695  000.173  000.173: require('vim.lsp._snippet')
069.843  000.147  000.147: require('vim.highlight')
069.852  000.614  000.294: require('vim.lsp.util')
069.858  002.493  000.961: require('vim.lsp.handlers')
070.028  000.169  000.169: require('vim.lsp.rpc')
070.240  000.211  000.211: require('vim.lsp.sync')
070.822  000.581  000.581: require('vim.lsp.semantic_tokens')
070.972  000.148  000.148: require('vim.lsp.buf')
071.162  000.189  000.189: require('vim.lsp.diagnostic')
071.363  000.200  000.200: require('vim.lsp.codelens')
071.400  004.445  000.454: require('vim.lsp')
071.402  004.663  000.100: require('fidget.progress.lsp')
072.823  000.149  000.149: require('fidget.poll')
072.825  000.825  000.677: require('fidget.notification.model')
073.552  000.726  000.726: require('fidget.notification.window')
073.676  000.122  000.122: require('fidget.notification.view')
073.754  001.941  000.268: require('fidget.notification')
073.756  002.353  000.412: require('fidget.progress.handle')
073.802  008.153  000.147: require('fidget.progress')
073.980  000.176  000.176: require('fidget.commands')
074.184  000.119  000.119: require('fidget.integration.nvim-tree')
074.193  000.212  000.093: require('fidget.integration')
074.197  010.476  001.934: require('fidget')
075.996  000.077  000.077: require('nvim-tree.notify')
075.999  000.157  000.080: require('nvim-tree.events')
076.322  000.094  000.094: require('nvim-tree.log')
076.588  000.087  000.087: require('nvim-tree.iterators.node-iterator')
076.612  000.289  000.202: require('nvim-tree.utils')
076.717  000.104  000.104: require('nvim-tree.git.utils')
076.803  000.085  000.085: require('nvim-tree.git.runner')
076.889  000.085  000.085: require('nvim-tree.watcher')
076.966  000.076  000.076: require('nvim-tree.explorer.node')
076.969  000.889  000.155: require('nvim-tree.git')
077.052  000.083  000.083: require('nvim-tree.explorer.watch')
077.218  000.088  000.088: require('nvim-tree.explorer.node-builders')
077.300  000.081  000.081: require('nvim-tree.explorer.sorters')
077.511  000.132  000.132: require('nvim-tree.marks')
077.513  000.212  000.080: require('nvim-tree.explorer.filters')
077.791  000.188  000.188: require('nvim-tree.view')
077.793  000.280  000.092: require('nvim-tree.live-filter')
077.795  000.742  000.081: require('nvim-tree.explorer.explore')
077.895  000.099  000.099: require('nvim-tree.explorer.reload')
077.896  001.897  000.085: require('nvim-tree.explorer')
077.898  002.130  000.076: require('nvim-tree.core')
078.061  000.076  000.076: require('nvim-tree.modified')
078.062  000.164  000.087: require('nvim-tree.renderer.components.modified')
078.137  000.074  000.074: require('nvim-tree.renderer.components.padding')
078.223  000.085  000.085: require('nvim-tree.renderer.components.icons')
078.309  000.085  000.085: require('nvim-tree.renderer.components.full-name')
078.404  000.094  000.094: require('nvim-tree.renderer.components.git')
078.559  000.076  000.076: require('nvim-tree.enum')
078.652  000.092  000.092: require('nvim-tree.diagnostics')
078.654  000.249  000.082: require('nvim-tree.renderer.components.diagnostics')
078.938  000.097  000.097: require('nvim-tree.renderer.components.bookmarks')
078.965  000.310  000.213: require('nvim-tree.renderer.builder')
078.968  003.610  000.418: require('nvim-tree.renderer')
078.971  004.256  000.647: require('nvim-tree.lib')
079.321  000.083  000.083: require('nvim-tree.actions.finders.find-file')
079.417  000.095  000.095: require('nvim-tree.actions.finders.search-node')
079.418  000.315  000.137: require('nvim-tree.actions.finders')
079.799  000.100  000.100: require('nvim-tree.actions.reloaders')
079.803  000.288  000.188: require('nvim-tree.actions.fs.copy-paste')
079.910  000.107  000.107: require('nvim-tree.actions.fs.create-file')
080.008  000.097  000.097: require('nvim-tree.actions.fs.remove-file')
080.119  000.110  000.110: require('nvim-tree.actions.fs.rename-file')
080.252  000.132  000.132: require('nvim-tree.actions.fs.trash')
080.254  000.835  000.102: require('nvim-tree.actions.fs')
080.908  000.316  000.316: require('nvim-tree.actions.moves.item')
081.161  000.251  000.251: require('nvim-tree.actions.moves.parent')
081.294  000.132  000.132: require('nvim-tree.actions.moves.sibling')
081.295  001.040  000.341: require('nvim-tree.actions.moves')
081.552  000.138  000.138: require('nvim-tree.actions.node.file-popup')
081.753  000.199  000.199: require('nvim-tree.actions.node.open-file')
081.899  000.145  000.145: require('nvim-tree.actions.node.run-command')
082.055  000.153  000.153: require('nvim-tree.actions.node.system-open')
082.058  000.761  000.126: require('nvim-tree.actions.node')
082.380  000.143  000.143: require('nvim-tree.actions.root.change-dir')
082.481  000.100  000.100: require('nvim-tree.actions.root.dir-up')
082.483  000.423  000.181: require('nvim-tree.actions.root')
082.747  000.131  000.131: require('nvim-tree.actions.tree.find-file')
083.008  000.121  000.121: require('nvim-tree.actions.tree.modifiers.collapse-all')
083.130  000.121  000.121: require('nvim-tree.actions.tree.modifiers.expand-all')
083.317  000.186  000.186: require('nvim-tree.actions.tree.modifiers.toggles')
083.319  000.571  000.142: require('nvim-tree.actions.tree.modifiers')
083.438  000.117  000.117: require('nvim-tree.actions.tree.open')
083.548  000.109  000.109: require('nvim-tree.actions.tree.toggle')
083.550  001.066  000.139: require('nvim-tree.actions.tree')
083.551  004.580  000.139: require('nvim-tree.actions')
083.871  000.167  000.167: require('nvim-tree.keymap')
083.883  000.331  000.164: require('nvim-tree.help')
084.018  000.132  000.132: require('nvim-tree.marks.navigation')
084.164  000.145  000.145: require('nvim-tree.marks.bulk-delete')
084.270  000.104  000.104: require('nvim-tree.marks.bulk-trash')
084.373  000.102  000.102: require('nvim-tree.marks.bulk-move')
084.416  010.166  000.517: require('nvim-tree.api')
084.970  000.209  000.209: sourcing /Users/hadhikar/.local/share/nvim/lazy/nvim-lspconfig/plugin/lspconfig.lua
086.174  000.166  000.166: sourcing /Users/hadhikar/.local/share/nvim/lazy/transparent.nvim/plugin/transparent.vim
086.902  000.228  000.228: sourcing /opt/homebrew/Cellar/neovim/0.9.5/share/nvim/runtime/plugin/editorconfig.lua
087.143  000.197  000.197: sourcing /opt/homebrew/Cellar/neovim/0.9.5/share/nvim/runtime/plugin/gzip.vim
087.379  000.182  000.182: sourcing /opt/homebrew/Cellar/neovim/0.9.5/share/nvim/runtime/plugin/health.vim
087.562  000.142  000.142: sourcing /opt/homebrew/Cellar/neovim/0.9.5/share/nvim/runtime/plugin/man.lua
088.906  000.230  000.230: sourcing /opt/homebrew/Cellar/neovim/0.9.5/share/nvim/runtime/pack/dist/opt/matchit/plugin/matchit.vim
088.990  001.387  001.157: sourcing /opt/homebrew/Cellar/neovim/0.9.5/share/nvim/runtime/plugin/matchit.vim
089.213  000.174  000.174: sourcing /opt/homebrew/Cellar/neovim/0.9.5/share/nvim/runtime/plugin/matchparen.vim
089.570  000.315  000.315: sourcing /opt/homebrew/Cellar/neovim/0.9.5/share/nvim/runtime/plugin/netrwPlugin.vim
089.789  000.176  000.176: sourcing /opt/homebrew/Cellar/neovim/0.9.5/share/nvim/runtime/plugin/nvim.lua
090.155  000.107  000.107: sourcing /Users/hadhikar/.local/share/nvim/rplugin.vim
090.175  000.283  000.176: sourcing /opt/homebrew/Cellar/neovim/0.9.5/share/nvim/runtime/plugin/rplugin.vim
090.278  000.058  000.058: sourcing /opt/homebrew/Cellar/neovim/0.9.5/share/nvim/runtime/plugin/shada.vim
090.363  000.039  000.039: sourcing /opt/homebrew/Cellar/neovim/0.9.5/share/nvim/runtime/plugin/spellfile.vim
090.507  000.079  000.079: sourcing /opt/homebrew/Cellar/neovim/0.9.5/share/nvim/runtime/plugin/tarPlugin.vim
090.721  000.168  000.168: sourcing /opt/homebrew/Cellar/neovim/0.9.5/share/nvim/runtime/plugin/tohtml.vim
090.836  000.032  000.032: sourcing /opt/homebrew/Cellar/neovim/0.9.5/share/nvim/runtime/plugin/tutor.vim
091.021  000.106  000.106: sourcing /opt/homebrew/Cellar/neovim/0.9.5/share/nvim/runtime/plugin/zipPlugin.vim
092.679  000.161  000.161: require('cmp.utils.char')
092.684  000.325  000.164: require('cmp.utils.str')
093.236  000.272  000.272: require('cmp.utils.buffer')
093.243  000.447  000.175: require('cmp.utils.keymap')
093.246  000.561  000.114: require('cmp.utils.feedkeys')
093.992  000.157  000.157: require('cmp.config.mapping')
094.097  000.104  000.104: require('cmp.utils.cache')
094.345  000.131  000.131: require('cmp.config.compare')
094.346  000.247  000.116: require('cmp.config.default')
094.362  000.917  000.409: require('cmp.config')
094.375  001.128  000.212: require('cmp.utils.async')
094.578  000.098  000.098: require('cmp.utils.pattern')
094.581  000.205  000.107: require('cmp.context')
095.444  000.338  000.338: require('cmp.matcher')
095.471  000.731  000.393: require('cmp.entry')
095.483  000.901  000.170: require('cmp.source')
095.899  000.252  000.252: require('cmp.utils.event')
096.456  000.162  000.162: require('cmp.utils.options')
096.464  000.398  000.236: require('cmp.utils.window')
096.466  000.566  000.168: require('cmp.view.docs_view')
096.732  000.266  000.266: require('cmp.view.custom_entries_view')
096.833  000.100  000.100: require('cmp.view.wildmenu_entries_view')
096.920  000.086  000.086: require('cmp.view.native_entries_view')
097.159  000.238  000.238: require('cmp.view.ghost_text_view')
097.164  001.681  000.173: require('cmp.view')
097.468  005.421  000.620: require('cmp.core')
097.798  000.231  000.231: require('cmp.config.sources')
097.917  000.117  000.117: require('cmp.config.window')
097.945  006.575  000.806: require('cmp')
098.092  000.146  000.146: require('cmp_cmdline')
098.105  006.905  000.184: sourcing /Users/hadhikar/.local/share/nvim/lazy/cmp-cmdline/after/plugin/cmp_cmdline.lua
098.429  000.108  000.108: require('cmp_path')
098.440  000.192  000.084: sourcing /Users/hadhikar/.local/share/nvim/lazy/cmp-path/after/plugin/cmp_path.lua
098.960  000.084  000.084: require('cmp_buffer.timer')
098.962  000.176  000.092: require('cmp_buffer.buffer')
098.964  000.276  000.100: require('cmp_buffer.source')
098.965  000.364  000.088: require('cmp_buffer')
098.973  000.456  000.092: sourcing /Users/hadhikar/.local/share/nvim/lazy/cmp-buffer/after/plugin/cmp_buffer.lua
099.442  000.126  000.126: require('cmp_nvim_lsp.source')
099.444  000.294  000.168: require('cmp_nvim_lsp')
099.455  000.377  000.083: sourcing /Users/hadhikar/.local/share/nvim/lazy/cmp-nvim-lsp/after/plugin/cmp_nvim_lsp.lua
099.695  000.093  000.093: require('cmp_luasnip')
099.712  000.181  000.088: sourcing /Users/hadhikar/.local/share/nvim/lazy/cmp_luasnip/after/plugin/cmp_luasnip.lua
099.951  084.665  018.296: require('bongphysik.plugins-setup')
100.348  000.396  000.396: require('bongphysik.core.options')
100.640  000.291  000.291: require('bongphysik.core.keymaps')
103.017  000.310  000.310: require('nightfly')
103.480  001.030  000.720: sourcing /Users/hadhikar/.local/share/nvim/lazy/vim-nightfly-guicolors/colors/nightfly.vim
104.124  000.139  000.139: require('transparent.config')
104.582  000.457  000.457: require('transparent.cache')
104.861  001.242  000.646: require('transparent')
104.975  004.334  002.062: require('bongphysik.core.colorscheme')
105.097  000.121  000.121: require('bongphysik.plugins.comment')
105.908  000.094  000.094: require('nvim-tree.colors')
106.028  000.096  000.096: require('nvim-tree.commands')
106.174  000.146  000.146: require('nvim-tree.legacy')
106.492  000.311  000.311: require('vim.diagnostic')
106.504  001.199  000.553: require('nvim-tree')
107.584  000.295  000.295: require('nvim-web-devicons.icons-default')
107.653  000.621  000.326: require('nvim-web-devicons')
117.293  012.195  010.375: require('bongphysik.plugins.nvim-tree')
118.058  000.202  000.202: require('lualine_require')
118.729  001.112  000.910: require('lualine')
118.937  000.206  000.206: require('lualine.themes.nightfly')
122.376  000.224  000.224: require('lualine.utils.mode')
127.064  009.763  008.222: require('bongphysik.plugins.lualine')
127.812  000.239  000.239: require('telescope._extensions')
127.815  000.499  000.261: require('telescope')
129.520  000.302  000.302: require('plenary.bit')
129.652  000.129  000.129: require('plenary.functional')
129.675  000.720  000.289: require('plenary.path')
129.698  000.918  000.197: require('plenary.strings')
129.858  000.159  000.159: require('telescope.deprecated')
130.558  000.195  000.195: require('plenary.log')
130.640  000.447  000.252: require('telescope.log')
131.317  000.314  000.314: require('plenary.job')
131.461  000.141  000.141: require('telescope.state')
131.467  000.826  000.371: require('telescope.utils')
131.473  001.614  000.341: require('telescope.sorters')
132.743  004.333  001.643: require('telescope.config')
133.779  000.170  000.170: require('plenary.window.border')
133.935  000.155  000.155: require('plenary.window')
134.062  000.126  000.126: require('plenary.popup.utils')
134.065  001.320  000.870: require('plenary.popup')
134.192  000.125  000.125: require('telescope.pickers.scroller')
134.303  000.110  000.110: require('telescope.actions.state')
134.427  000.123  000.123: require('telescope.actions.utils')
134.682  000.131  000.131: require('telescope.actions.mt')
134.698  000.270  000.139: require('telescope.actions.set')
135.056  000.182  000.182: require('telescope.config.resolve')
135.059  000.360  000.178: require('telescope.pickers.entry_display')
135.219  000.160  000.160: require('telescope.from_entry')
135.428  007.612  000.812: require('telescope.actions')
136.938  000.657  000.657: require('fzf_lib')
136.941  000.799  000.142: require('telescope._extensions.fzf')
136.945  009.879  000.968: require('bongphysik.plugins.telescope')
138.020  001.074  001.074: require('bongphysik.plugins.nvim-cmp')
139.460  000.369  000.369: require('nvim-autopairs._log')
139.954  000.492  000.492: require('nvim-autopairs.utils')
140.863  000.398  000.398: require('nvim-autopairs.conds')
140.880  000.625  000.227: require('nvim-autopairs.rule')
140.881  000.926  000.301: require('nvim-autopairs.rules.basic')
140.902  002.468  000.681: require('nvim-autopairs')
141.410  003.189  000.721: require('nvim-autopairs')
142.064  000.230  000.230: require('nvim-autopairs.ts-conds')
142.089  000.428  000.198: require('nvim-autopairs.rules.ts_basic')
142.405  000.315  000.315: require('vim.treesitter.highlighter')
143.122  000.133  000.133: require('nvim-autopairs.completion.handlers')
143.125  000.268  000.135: require('nvim-autopairs.completion.cmp')
143.128  005.106  000.906: require('bongphysik.plugins.autopairs')
146.619  000.136  000.136: require('nvim-treesitter.highlight')
146.860  000.106  000.106: require('nvim-treesitter.indent')
146.869  003.740  003.498: require('bongphysik.plugins.treesitter')
147.165  000.295  000.295: require('bongphysik.plugins.gitsigns')
147.167  132.003  000.144: sourcing /Users/hadhikar/.config/nvim/init.lua
147.173  003.228: sourcing vimrc file(s)
147.539  000.041  000.041: sourcing /opt/homebrew/Cellar/neovim/0.9.5/share/nvim/runtime/filetype.lua
149.178  000.142  000.142: sourcing /opt/homebrew/Cellar/neovim/0.9.5/share/nvim/runtime/syntax/synload.vim
149.380  000.718  000.576: sourcing /opt/homebrew/Cellar/neovim/0.9.5/share/nvim/runtime/syntax/syntax.vim
149.392  001.460: inits 3
151.137  001.745: reading ShaDa
153.351  001.370  001.370: require('vim.filetype.detect')
155.689  000.324  000.324: require('editorconfig')
156.279  000.174  000.174: require('luasnip.util.directed_graph')
156.659  000.379  000.379: require('luasnip.session.enqueueable_operations')
156.663  000.832  000.280: require('luasnip.loaders.from_lua')
158.396  000.109  000.109: require('luasnip.util.events')
158.405  000.303  000.193: require('luasnip.nodes.node')
158.542  000.136  000.136: require('luasnip.nodes.insertNode')
158.680  000.137  000.137: require('luasnip.nodes.textNode')
158.800  000.118  000.118: require('luasnip.util.mark')
158.903  000.102  000.102: require('luasnip.util.pattern_tokenizer')
158.992  000.087  000.087: require('luasnip.util.dict')
159.549  000.468  000.468: require('luasnip.util.jsregexp')
159.551  000.557  000.089: require('luasnip.nodes.util.trig_engines')
159.568  002.291  000.851: require('luasnip.nodes.snippet')
159.570  002.498  000.207: require('luasnip.nodes.duplicate')
159.571  002.713  000.216: require('luasnip.loaders.snippet_cache')
159.575  002.909  000.196: require('luasnip.loaders.from_snipmate')
160.190  000.394  000.394: require('luasnip.util.jsonc')
160.195  000.618  000.224: require('luasnip.loaders.from_vscode')
160.326  003.137: opening buffers
160.844  000.518: BufEnter autocommands
160.846  000.002: editing files in windows
160.917  000.071: VimEnter autocommands
160.947  000.030: UIEnter autocommands
161.698  000.313  000.313: sourcing /opt/homebrew/Cellar/neovim/0.9.5/share/nvim/runtime/autoload/provider/clipboard.vim
161.703  000.442: before starting main loop
161.926  000.223: first screen update
161.926  000.001: --- NVIM STARTED ---


times in msec
 clock   self+sourced   self:  sourced script
 clock   elapsed:              other lines

000.231  000.231: --- NVIM STARTING ---
002.154  001.923: event init
003.943  001.788: early init
004.912  000.969: locale set
006.545  001.633: init first window
021.267  014.722: inits 1
021.292  000.026: window checked
022.124  000.832: parsing arguments
024.194  000.064  000.064: require('vim.shared')
024.276  000.028  000.028: require('vim._options')
024.277  000.077  000.049: require('vim._editor')
024.279  000.424  000.283: require('vim._init_packages')
024.282  001.734: init lua interpreter
025.141  000.859: expanding arguments
025.174  000.034: inits 2
025.818  000.643: init highlight
